"../../../Engine/Content/EngineMeshes/Humanoid.uasset" 0
"../../../Engine/Content/EngineMeshes/Humanoid.uexp" 1
"E:/app_4.27/ShootThemUp/Content/ExternalContent/Characters/HeroTPP/HeroTPP_Skeleton.uasset" 2
"E:/app_4.27/ShootThemUp/Content/ExternalContent/Characters/HeroTPP/HeroTPP_Skeleton.uexp" 3
"../../../Engine/Content/Animation/DefaultAnimCurveCompressionSettings.uasset" 4
"../../../Engine/Content/Animation/DefaultAnimCurveCompressionSettings.uexp" 5
"../../../Engine/Content/Animation/DefaultAnimBoneCompressionSettings.uasset" 6
"../../../Engine/Content/Animation/DefaultAnimBoneCompressionSettings.uexp" 7
"E:/app_4.27/ShootThemUp/Content/ExternalContent/Animations/TTP_Animations/Idle.uasset" 8
"E:/app_4.27/ShootThemUp/Content/ExternalContent/Animations/TTP_Animations/Idle.uexp" 9
"E:/app_4.27/ShootThemUp/Content/ExternalContent/Animations/TTP_Animations/AimOffsetDown.uasset" 10
"E:/app_4.27/ShootThemUp/Content/ExternalContent/Animations/TTP_Animations/AimOffsetDown.uexp" 11
"E:/app_4.27/ShootThemUp/Content/ExternalContent/Animations/TTP_Animations/AimOffsetFwd.uasset" 12
"E:/app_4.27/ShootThemUp/Content/ExternalContent/Animations/TTP_Animations/AimOffsetFwd.uexp" 13
"E:/app_4.27/ShootThemUp/Content/ExternalContent/Animations/TTP_Animations/AimOffsetLeft.uasset" 14
"E:/app_4.27/ShootThemUp/Content/ExternalContent/Animations/TTP_Animations/AimOffsetLeft.uexp" 15
"E:/app_4.27/ShootThemUp/Content/ExternalContent/Animations/TTP_Animations/AimOffsetLeftDown.uasset" 16
"E:/app_4.27/ShootThemUp/Content/ExternalContent/Animations/TTP_Animations/AimOffsetLeftDown.uexp" 17
"E:/app_4.27/ShootThemUp/Content/ExternalContent/Animations/TTP_Animations/AimOffsetLeftUp.uasset" 18
"E:/app_4.27/ShootThemUp/Content/ExternalContent/Animations/TTP_Animations/AimOffsetLeftUp.uexp" 19
"E:/app_4.27/ShootThemUp/Content/ExternalContent/Animations/TTP_Animations/AimOffsetRight.uasset" 20
"E:/app_4.27/ShootThemUp/Content/ExternalContent/Animations/TTP_Animations/AimOffsetRight.uexp" 21
"E:/app_4.27/ShootThemUp/Content/ExternalContent/Animations/TTP_Animations/AimOffsetRightDown.uasset" 22
"E:/app_4.27/ShootThemUp/Content/ExternalContent/Animations/TTP_Animations/AimOffsetRightDown.uexp" 23
"E:/app_4.27/ShootThemUp/Content/ExternalContent/Animations/TTP_Animations/AimOffsetRightUp.uasset" 24
"E:/app_4.27/ShootThemUp/Content/ExternalContent/Animations/TTP_Animations/AimOffsetRightUp.uexp" 25
"E:/app_4.27/ShootThemUp/Content/ExternalContent/Animations/TTP_Animations/AimOffsetUp.uasset" 26
"E:/app_4.27/ShootThemUp/Content/ExternalContent/Animations/TTP_Animations/AimOffsetUp.uexp" 27
"E:/app_4.27/ShootThemUp/Content/ExternalContent/Sounds/Foley/wav/sw_Foley_Bodyfall_02.uasset" 28
"E:/app_4.27/ShootThemUp/Content/ExternalContent/Sounds/Foley/wav/sw_Foley_Bodyfall_02.uexp" 29
"E:/app_4.27/ShootThemUp/Content/ExternalContent/Sounds/Foley/wav/sw_Foley_Bodyfall_01.uasset" 30
"E:/app_4.27/ShootThemUp/Content/ExternalContent/Sounds/Foley/wav/sw_Foley_Bodyfall_01.uexp" 31
"E:/app_4.27/ShootThemUp/Content/ExternalContent/Sounds/Audio_Settings/Class/SC_Footsteps.uasset" 32
"E:/app_4.27/ShootThemUp/Content/ExternalContent/Sounds/Audio_Settings/Class/SC_Footsteps.uexp" 33
"E:/app_4.27/ShootThemUp/Content/ExternalContent/Sounds/Audio_Settings/Class/SC_WeaponShoot_3P.uasset" 34
"E:/app_4.27/ShootThemUp/Content/ExternalContent/Sounds/Audio_Settings/Class/SC_WeaponShoot_3P.uexp" 35
"E:/app_4.27/ShootThemUp/Content/ExternalContent/Sounds/Audio_Settings/Class/SC_WeaponShoot_1P.uasset" 36
"E:/app_4.27/ShootThemUp/Content/ExternalContent/Sounds/Audio_Settings/Class/SC_WeaponShoot_1P.uexp" 37
"E:/app_4.27/ShootThemUp/Content/ExternalContent/Sounds/Audio_Settings/Class/SC_Weapon.uasset" 38
"E:/app_4.27/ShootThemUp/Content/ExternalContent/Sounds/Audio_Settings/Class/SC_Weapon.uexp" 39
"E:/app_4.27/ShootThemUp/Content/ExternalContent/Sounds/Audio_Settings/Class/SC_Ambient_OneShot.uasset" 40
"E:/app_4.27/ShootThemUp/Content/ExternalContent/Sounds/Audio_Settings/Class/SC_Ambient_OneShot.uexp" 41
"E:/app_4.27/ShootThemUp/Content/ExternalContent/Sounds/Audio_Settings/Class/SC_Ambient_Loop.uasset" 42
"E:/app_4.27/ShootThemUp/Content/ExternalContent/Sounds/Audio_Settings/Class/SC_Ambient_Loop.uexp" 43
"E:/app_4.27/ShootThemUp/Content/ExternalContent/Sounds/Audio_Settings/Class/SC_Ambient_Bed.uasset" 44
"E:/app_4.27/ShootThemUp/Content/ExternalContent/Sounds/Audio_Settings/Class/SC_Ambient_Bed.uexp" 45
"E:/app_4.27/ShootThemUp/Content/ExternalContent/Sounds/Audio_Settings/Class/SC_Ambience.uasset" 46
"E:/app_4.27/ShootThemUp/Content/ExternalContent/Sounds/Audio_Settings/Class/SC_Ambience.uexp" 47
"E:/app_4.27/ShootThemUp/Content/ExternalContent/Sounds/Audio_Settings/SoundMix/SMix_Stinger.uasset" 48
"E:/app_4.27/ShootThemUp/Content/ExternalContent/Sounds/Audio_Settings/SoundMix/SMix_Stinger.uexp" 49
"E:/app_4.27/ShootThemUp/Content/ExternalContent/Sounds/Audio_Settings/Class/SC_Stinger.uasset" 50
"E:/app_4.27/ShootThemUp/Content/ExternalContent/Sounds/Audio_Settings/Class/SC_Stinger.uexp" 51
"E:/app_4.27/ShootThemUp/Content/ExternalContent/Sounds/Audio_Settings/Class/SC_Projectile.uasset" 52
"E:/app_4.27/ShootThemUp/Content/ExternalContent/Sounds/Audio_Settings/Class/SC_Projectile.uexp" 53
"E:/app_4.27/ShootThemUp/Content/ExternalContent/Sounds/Audio_Settings/Class/SC_Pickups.uasset" 54
"E:/app_4.27/ShootThemUp/Content/ExternalContent/Sounds/Audio_Settings/Class/SC_Pickups.uexp" 55
"E:/app_4.27/ShootThemUp/Content/ExternalContent/Sounds/Audio_Settings/Class/SC_voip.uasset" 56
"E:/app_4.27/ShootThemUp/Content/ExternalContent/Sounds/Audio_Settings/Class/SC_voip.uexp" 57
"E:/app_4.27/ShootThemUp/Content/ExternalContent/Sounds/Audio_Settings/Class/SC_VOICE.uasset" 58
"E:/app_4.27/ShootThemUp/Content/ExternalContent/Sounds/Audio_Settings/Class/SC_VOICE.uexp" 59
"E:/app_4.27/ShootThemUp/Content/ExternalContent/Sounds/Audio_Settings/Class/SC_UI.uasset" 60
"E:/app_4.27/ShootThemUp/Content/ExternalContent/Sounds/Audio_Settings/Class/SC_UI.uexp" 61
"E:/app_4.27/ShootThemUp/Content/ExternalContent/Sounds/Audio_Settings/Class/SC_MUSIC.uasset" 62
"E:/app_4.27/ShootThemUp/Content/ExternalContent/Sounds/Audio_Settings/Class/SC_MUSIC.uexp" 63
"E:/app_4.27/ShootThemUp/Content/ExternalContent/Sounds/Audio_Settings/Class/SC_MASTER.uasset" 64
"E:/app_4.27/ShootThemUp/Content/ExternalContent/Sounds/Audio_Settings/Class/SC_MASTER.uexp" 65
"E:/app_4.27/ShootThemUp/Content/ExternalContent/Sounds/Audio_Settings/Class/SC_Impacts.uasset" 66
"E:/app_4.27/ShootThemUp/Content/ExternalContent/Sounds/Audio_Settings/Class/SC_Impacts.uexp" 67
"E:/app_4.27/ShootThemUp/Content/ExternalContent/Sounds/Audio_Settings/SoundMix/Explosion.uasset" 68
"E:/app_4.27/ShootThemUp/Content/ExternalContent/Sounds/Audio_Settings/SoundMix/Explosion.uexp" 69
"E:/app_4.27/ShootThemUp/Content/ExternalContent/Sounds/Audio_Settings/Class/SC_Explosion.uasset" 70
"E:/app_4.27/ShootThemUp/Content/ExternalContent/Sounds/Audio_Settings/Class/SC_Explosion.uexp" 71
"E:/app_4.27/ShootThemUp/Content/ExternalContent/Sounds/Audio_Settings/Class/SC_SFX.uasset" 72
"E:/app_4.27/ShootThemUp/Content/ExternalContent/Sounds/Audio_Settings/Class/SC_SFX.uexp" 73
"E:/app_4.27/ShootThemUp/Content/ExternalContent/Sounds/Audio_Settings/Class/SC_Characters.uasset" 74
"E:/app_4.27/ShootThemUp/Content/ExternalContent/Sounds/Audio_Settings/Class/SC_Characters.uexp" 75
"E:/app_4.27/ShootThemUp/Content/ExternalContent/Sounds/Audio_Settings/Class/SC_Foley.uasset" 76
"E:/app_4.27/ShootThemUp/Content/ExternalContent/Sounds/Audio_Settings/Class/SC_Foley.uexp" 77
"E:/app_4.27/ShootThemUp/Content/ExternalContent/Sounds/Audio_Settings/Attenuation/Foley.uasset" 78
"E:/app_4.27/ShootThemUp/Content/ExternalContent/Sounds/Audio_Settings/Attenuation/Foley.uexp" 79
"E:/app_4.27/ShootThemUp/Content/ExternalContent/Sounds/Foley/SCue_Foley_Bodyfall.uasset" 80
"E:/app_4.27/ShootThemUp/Content/ExternalContent/Sounds/Foley/SCue_Foley_Bodyfall.uexp" 81
"E:/app_4.27/ShootThemUp/Content/ExternalContent/Animations/TTP_Animations/Death.uasset" 82
"E:/app_4.27/ShootThemUp/Content/ExternalContent/Animations/TTP_Animations/Death.uexp" 83
"E:/app_4.27/ShootThemUp/Content/ExternalContent/Sounds/Foley/wav/sw_Foley_Jump_02.uasset" 84
"E:/app_4.27/ShootThemUp/Content/ExternalContent/Sounds/Foley/wav/sw_Foley_Jump_02.uexp" 85
"E:/app_4.27/ShootThemUp/Content/ExternalContent/Sounds/Foley/wav/sw_Foley_Jump_01.uasset" 86
"E:/app_4.27/ShootThemUp/Content/ExternalContent/Sounds/Foley/wav/sw_Foley_Jump_01.uexp" 87
"E:/app_4.27/ShootThemUp/Content/ExternalContent/Sounds/Foley/SCue_Foley_SwipeCloth.uasset" 88
"E:/app_4.27/ShootThemUp/Content/ExternalContent/Sounds/Foley/SCue_Foley_SwipeCloth.uexp" 89
"E:/app_4.27/ShootThemUp/Content/ExternalContent/Animations/TTP_Animations/Equip.uasset" 90
"E:/app_4.27/ShootThemUp/Content/ExternalContent/Animations/TTP_Animations/Equip.uexp" 91
"E:/app_4.27/ShootThemUp/Content/ExternalContent/Animations/TTP_Animations/Launcher_Reload.uasset" 92
"E:/app_4.27/ShootThemUp/Content/ExternalContent/Animations/TTP_Animations/Launcher_Reload.uexp" 93
"E:/app_4.27/ShootThemUp/Content/ExternalContent/Sounds/Weapons/AssultRifle/wav/sw_Wep_Reload_AR.uasset" 94
"E:/app_4.27/ShootThemUp/Content/ExternalContent/Sounds/Weapons/AssultRifle/wav/sw_Wep_Reload_AR.uexp" 95
"E:/app_4.27/ShootThemUp/Content/ExternalContent/Sounds/Weapons/AssultRifle/SCue_AR_Reload.uasset" 96
"E:/app_4.27/ShootThemUp/Content/ExternalContent/Sounds/Weapons/AssultRifle/SCue_AR_Reload.uexp" 97
"E:/app_4.27/ShootThemUp/Content/ExternalContent/Animations/TTP_Animations/Reload.uasset" 98
"E:/app_4.27/ShootThemUp/Content/ExternalContent/Animations/TTP_Animations/Reload.uexp" 99
"E:/app_4.27/ShootThemUp/Content/ExternalContent/Sounds/Foley/wav/sw_Foley_Jump_03.uasset" 100
"E:/app_4.27/ShootThemUp/Content/ExternalContent/Sounds/Foley/wav/sw_Foley_Jump_03.uexp" 101
"E:/app_4.27/ShootThemUp/Content/ExternalContent/Sounds/Foley/SCue_Foley_Jump.uasset" 102
"E:/app_4.27/ShootThemUp/Content/ExternalContent/Sounds/Foley/SCue_Foley_Jump.uexp" 103
"E:/app_4.27/ShootThemUp/Content/Player/BP_STUPlayerController.uasset" 104
"E:/app_4.27/ShootThemUp/Content/Player/BP_STUPlayerController.uexp" 105
"../../../Engine/Content/EngineMaterials/T_Default_Material_Grid_N.uasset" 106
"../../../Engine/Content/EngineMaterials/T_Default_Material_Grid_N.uexp" 107
"../../../Engine/Content/EngineMaterials/T_Default_Material_Grid_N.ubulk" 108
"../../../Engine/Content/EngineMaterials/T_Default_Material_Grid_M.uasset" 109
"../../../Engine/Content/EngineMaterials/T_Default_Material_Grid_M.uexp" 110
"../../../Engine/Content/EngineMaterials/T_Default_Material_Grid_M.ubulk" 111
"../../../Engine/Content/Functions/Engine_MaterialFunctions01/Opacity/CameraDepthFade.uasset" 112
"../../../Engine/Content/Functions/Engine_MaterialFunctions01/Opacity/CameraDepthFade.uexp" 113
"../../../Engine/Content/EngineMaterials/WorldGridMaterial.uasset" 114
"../../../Engine/Content/EngineMaterials/WorldGridMaterial.uexp" 115
"../../../Engine/Content/ArtTools/RenderToTexture/Meshes/S_1_Unit_Plane.uasset" 116
"../../../Engine/Content/ArtTools/RenderToTexture/Meshes/S_1_Unit_Plane.uexp" 117
"../../../Engine/Content/EngineMaterials/DefaultMaterial.uasset" 118
"../../../Engine/Content/EngineMaterials/DefaultMaterial.uexp" 119
"../../../Engine/Content/BasicShapes/Cone.uasset" 120
"../../../Engine/Content/BasicShapes/Cone.uexp" 121
"../../../Engine/Content/BasicShapes/Cube.uasset" 122
"../../../Engine/Content/BasicShapes/Cube.uexp" 123
"../../../Engine/Content/BasicShapes/Plane.uasset" 124
"../../../Engine/Content/BasicShapes/Plane.uexp" 125
"../../../Engine/Content/BasicShapes/Sphere.uasset" 126
"../../../Engine/Content/BasicShapes/Sphere.uexp" 127
"../../../Engine/Content/EditorLandscapeResources/DataLayer.uasset" 128
"../../../Engine/Content/EditorLandscapeResources/DataLayer.uexp" 129
"../../../Engine/Content/EditorLandscapeResources/DefaultAlphaTexture.uasset" 130
"../../../Engine/Content/EditorLandscapeResources/DefaultAlphaTexture.uexp" 131
"../../../Engine/Content/EditorMaterials/MAT_Groups_Toggle.uasset" 132
"../../../Engine/Content/EditorMaterials/MAT_Groups_Toggle.uexp" 133
"../../../Engine/Content/EditorMaterials/MAT_Groups_Visibility.uasset" 134
"../../../Engine/Content/EditorMaterials/MAT_Groups_Visibility.uexp" 135
"../../../Engine/Content/EditorMaterials/PreviewShadowIndicator.uasset" 136
"../../../Engine/Content/EditorMaterials/PreviewShadowIndicator.uexp" 137
"../../../Engine/Content/EditorMaterials/PreviewShadowIndicator.ubulk" 138
"../../../Engine/Content/EditorMaterials/PreviewShadowIndicatorMaterial.uasset" 139
"../../../Engine/Content/EditorMaterials/PreviewShadowIndicatorMaterial.uexp" 140
"../../../Engine/Content/EditorMaterials/MatineeGroups/MAT_ColorTrack.uasset" 141
"../../../Engine/Content/EditorMaterials/MatineeGroups/MAT_ColorTrack.uexp" 142
"../../../Engine/Content/EditorMaterials/MatineeGroups/MAT_Groups_Anim.uasset" 143
"../../../Engine/Content/EditorMaterials/MatineeGroups/MAT_Groups_Anim.uexp" 144
"../../../Engine/Content/EditorMaterials/MatineeGroups/MAT_Groups_AudioMaster.uasset" 145
"../../../Engine/Content/EditorMaterials/MatineeGroups/MAT_Groups_AudioMaster.uexp" 146
"../../../Engine/Content/EditorMaterials/MatineeGroups/MAT_Groups_Director.uasset" 147
"../../../Engine/Content/EditorMaterials/MatineeGroups/MAT_Groups_Director.uexp" 148
"../../../Engine/Content/EditorMaterials/MatineeGroups/MAT_Groups_Event.uasset" 149
"../../../Engine/Content/EditorMaterials/MatineeGroups/MAT_Groups_Event.uexp" 150
"../../../Engine/Content/EditorMaterials/MatineeGroups/MAT_Groups_Fade.uasset" 151
"../../../Engine/Content/EditorMaterials/MatineeGroups/MAT_Groups_Fade.uexp" 152
"../../../Engine/Content/EditorMaterials/MatineeGroups/MAT_Groups_Float.uasset" 153
"../../../Engine/Content/EditorMaterials/MatineeGroups/MAT_Groups_Float.uexp" 154
"../../../Engine/Content/EditorMaterials/MatineeGroups/MAT_Groups_Move.uasset" 155
"../../../Engine/Content/EditorMaterials/MatineeGroups/MAT_Groups_Move.uexp" 156
"../../../Engine/Content/EditorMaterials/MatineeGroups/MAT_Groups_Slomo.uasset" 157
"../../../Engine/Content/EditorMaterials/MatineeGroups/MAT_Groups_Slomo.uexp" 158
"../../../Engine/Content/EditorMaterials/MatineeGroups/MAT_Groups_Sound.uasset" 159
"../../../Engine/Content/EditorMaterials/MatineeGroups/MAT_Groups_Sound.uexp" 160
"../../../Engine/Content/EditorMaterials/MatineeGroups/MAT_Groups_Vector.uasset" 161
"../../../Engine/Content/EditorMaterials/MatineeGroups/MAT_Groups_Vector.uexp" 162
"../../../Engine/Content/EditorMaterials/ParticleSystems/PSysThumbnail_NoImage.uasset" 163
"../../../Engine/Content/EditorMaterials/ParticleSystems/PSysThumbnail_NoImage.uexp" 164
"../../../Engine/Content/EditorMaterials/ParticleSystems/PSysThumbnail_NoImage.ubulk" 165
"../../../Engine/Content/EditorMaterials/ParticleSystems/PSysThumbnail_OOD.uasset" 166
"../../../Engine/Content/EditorMaterials/ParticleSystems/PSysThumbnail_OOD.uexp" 167
"../../../Engine/Content/EditorMaterials/ParticleSystems/PSysThumbnail_OOD.ubulk" 168
"../../../Engine/Content/EditorMaterials/Camera/CineMat.uasset" 169
"../../../Engine/Content/EditorMaterials/Camera/CineMat.uexp" 170
"../../../Engine/Content/EditorMaterials/Camera/MI_CineMat_Rig.uasset" 171
"../../../Engine/Content/EditorMaterials/Camera/MI_CineMat_Rig.uexp" 172
"../../../Engine/Content/EditorMeshes/Camera/SM_CraneRig_Arm.uasset" 173
"../../../Engine/Content/EditorMeshes/Camera/SM_CraneRig_Arm.uexp" 174
"../../../Engine/Content/EditorMeshes/Camera/SM_CraneRig_Base.uasset" 175
"../../../Engine/Content/EditorMeshes/Camera/SM_CraneRig_Base.uexp" 176
"../../../Engine/Content/EditorMeshes/Camera/SM_CraneRig_Body.uasset" 177
"../../../Engine/Content/EditorMeshes/Camera/SM_CraneRig_Body.uexp" 178
"../../../Engine/Content/EditorMeshes/Camera/SM_CraneRig_Mount.uasset" 179
"../../../Engine/Content/EditorMeshes/Camera/SM_CraneRig_Mount.uexp" 180
"../../../Engine/Content/EditorMeshes/Camera/SM_RailRig_Mount.uasset" 181
"../../../Engine/Content/EditorMeshes/Camera/SM_RailRig_Mount.uexp" 182
"../../../Engine/Content/EditorMeshes/Camera/SM_RailRig_Track.uasset" 183
"../../../Engine/Content/EditorMeshes/Camera/SM_RailRig_Track.uexp" 184
"../../../Engine/Content/EditorResources/BSPVertex.uasset" 185
"../../../Engine/Content/EditorResources/BSPVertex.uexp" 186
"../../../Engine/Content/EditorResources/EmptyActor.uasset" 187
"../../../Engine/Content/EditorResources/EmptyActor.uexp" 188
"../../../Engine/Content/EditorResources/S_Actor.uasset" 189
"../../../Engine/Content/EditorResources/S_Actor.uexp" 190
"../../../Engine/Content/EditorResources/S_Actor.ubulk" 191
"../../../Engine/Content/EditorResources/S_Note.uasset" 192
"../../../Engine/Content/EditorResources/S_Note.uexp" 193
"../../../Engine/Content/EditorResources/S_Note.ubulk" 194
"../../../Engine/Content/EditorResources/S_Solver.uasset" 195
"../../../Engine/Content/EditorResources/S_Solver.uexp" 196
"../../../Engine/Content/EditorResources/S_Solver.ubulk" 197
"../../../Engine/Content/EditorResources/S_Terrain.uasset" 198
"../../../Engine/Content/EditorResources/S_Terrain.uexp" 199
"../../../Engine/Content/EditorResources/S_Terrain.ubulk" 200
"../../../Engine/Content/EditorResources/S_Trigger.uasset" 201
"../../../Engine/Content/EditorResources/S_Trigger.uexp" 202
"../../../Engine/Content/EditorResources/S_Trigger.ubulk" 203
"../../../Engine/Content/EditorResources/LightIcons/S_LightError.uasset" 204
"../../../Engine/Content/EditorResources/LightIcons/S_LightError.uexp" 205
"../../../Engine/Content/EditorResources/SequenceRecorder/Countdown.uasset" 206
"../../../Engine/Content/EditorResources/SequenceRecorder/Countdown.uexp" 207
"../../../Engine/Content/EditorResources/SequenceRecorder/RecordingIndicator.uasset" 208
"../../../Engine/Content/EditorResources/SequenceRecorder/RecordingIndicator.uexp" 209
"../../../Engine/Content/EngineDamageTypes/DmgTypeBP_Environmental.uasset" 210
"../../../Engine/Content/EngineDamageTypes/DmgTypeBP_Environmental.uexp" 211
"../../../Engine/Content/EngineDebugMaterials/DebugEditorMaterial.uasset" 212
"../../../Engine/Content/EngineDebugMaterials/DebugEditorMaterial.uexp" 213
"../../../Engine/Content/EngineDebugMaterials/DebugMeshMaterial.uasset" 214
"../../../Engine/Content/EngineDebugMaterials/DebugMeshMaterial.uexp" 215
"../../../Engine/Content/EngineDebugMaterials/M_SimpleUnlitTranslucent.uasset" 216
"../../../Engine/Content/EngineDebugMaterials/M_SimpleUnlitTranslucent.uexp" 217
"../../../Engine/Content/EngineDebugMaterials/VolumeToRender.uasset" 218
"../../../Engine/Content/EngineDebugMaterials/VolumeToRender.uexp" 219
"../../../Engine/Content/Functions/Engine_MaterialFunctions02/Utility/CameraDirectionVector.uasset" 220
"../../../Engine/Content/Functions/Engine_MaterialFunctions02/Utility/CameraDirectionVector.uexp" 221
"../../../Engine/Content/EngineDebugMaterials/M_VolumeRenderSphereTracePP.uasset" 222
"../../../Engine/Content/EngineDebugMaterials/M_VolumeRenderSphereTracePP.uexp" 223
"../../../Engine/Content/Functions/Engine_MaterialFunctions01/Shading/ConvertFromDiffSpec.uasset" 224
"../../../Engine/Content/Functions/Engine_MaterialFunctions01/Shading/ConvertFromDiffSpec.uexp" 225
"../../../Engine/Content/EngineDebugMaterials/VertexColorMaterial.uasset" 226
"../../../Engine/Content/EngineDebugMaterials/VertexColorMaterial.uexp" 227
"../../../Engine/Content/EngineDebugMaterials/WireframeMaterial.uasset" 228
"../../../Engine/Content/EngineDebugMaterials/WireframeMaterial.uexp" 229
"../../../Engine/Content/EngineFonts/Faces/RobotoRegular.uasset" 230
"../../../Engine/Content/EngineFonts/Faces/RobotoRegular.uexp" 231
"../../../Engine/Content/EngineFonts/Faces/RobotoRegular.ufont" 232
"../../../Engine/Content/EngineFonts/Faces/RobotoLight.uasset" 233
"../../../Engine/Content/EngineFonts/Faces/RobotoLight.uexp" 234
"../../../Engine/Content/EngineFonts/Faces/RobotoLight.ufont" 235
"../../../Engine/Content/EngineFonts/Faces/RobotoItalic.uasset" 236
"../../../Engine/Content/EngineFonts/Faces/RobotoItalic.uexp" 237
"../../../Engine/Content/EngineFonts/Faces/RobotoItalic.ufont" 238
"../../../Engine/Content/EngineFonts/Faces/RobotoBoldItalic.uasset" 239
"../../../Engine/Content/EngineFonts/Faces/RobotoBoldItalic.uexp" 240
"../../../Engine/Content/EngineFonts/Faces/RobotoBoldItalic.ufont" 241
"../../../Engine/Content/EngineFonts/Faces/RobotoBold.uasset" 242
"../../../Engine/Content/EngineFonts/Faces/RobotoBold.uexp" 243
"../../../Engine/Content/EngineFonts/Faces/RobotoBold.ufont" 244
"../../../Engine/Content/EngineFonts/Faces/DroidSansFallback.uasset" 245
"../../../Engine/Content/EngineFonts/Faces/DroidSansFallback.uexp" 246
"../../../Engine/Content/EngineFonts/Faces/DroidSansFallback.ufont" 247
"../../../Engine/Content/EngineFonts/Roboto.uasset" 248
"../../../Engine/Content/EngineFonts/Roboto.uexp" 249
"../../../Engine/Content/EngineMaterials/BaseFlattenNormalMap.uasset" 250
"../../../Engine/Content/EngineMaterials/BaseFlattenNormalMap.uexp" 251
"../../../Engine/Content/EngineMaterials/BaseFlattenGrayscaleMap.uasset" 252
"../../../Engine/Content/EngineMaterials/BaseFlattenGrayscaleMap.uexp" 253
"../../../Engine/Content/EngineMaterials/BaseFlattenEmissiveMap.uasset" 254
"../../../Engine/Content/EngineMaterials/BaseFlattenEmissiveMap.uexp" 255
"../../../Engine/Content/EngineMaterials/BaseFlattenDiffuseMap.uasset" 256
"../../../Engine/Content/EngineMaterials/BaseFlattenDiffuseMap.uexp" 257
"../../../Engine/Content/EngineMaterials/BaseFlattenMaterial.uasset" 258
"../../../Engine/Content/EngineMaterials/BaseFlattenMaterial.uexp" 259
"../../../Engine/Content/EngineMaterials/BlueNoise.uasset" 260
"../../../Engine/Content/EngineMaterials/BlueNoise.uexp" 261
"../../../Engine/Content/EngineMaterials/DefaultBloomKernel.uasset" 262
"../../../Engine/Content/EngineMaterials/DefaultBloomKernel.uexp" 263
"../../../Engine/Content/EngineMaterials/DefaultBokeh.uasset" 264
"../../../Engine/Content/EngineMaterials/DefaultBokeh.uexp" 265
"../../../Engine/Content/EngineMaterials/DefaultDiffuse.uasset" 266
"../../../Engine/Content/EngineMaterials/DefaultDiffuse.uexp" 267
"../../../Engine/Content/EngineMaterials/DefaultDiffuse.ubulk" 268
"../../../Engine/Content/EngineMaterials/DefaultDeferredDecalMaterial.uasset" 269
"../../../Engine/Content/EngineMaterials/DefaultDeferredDecalMaterial.uexp" 270
"../../../Engine/Content/EngineMaterials/DefaultLightFunctionMaterial.uasset" 271
"../../../Engine/Content/EngineMaterials/DefaultLightFunctionMaterial.uexp" 272
"../../../Engine/Content/EngineMaterials/DefaultPhysicalMaterial.uasset" 273
"../../../Engine/Content/EngineMaterials/DefaultPhysicalMaterial.uexp" 274
"../../../Engine/Content/Functions/Engine_MaterialFunctions02/Utility/BreakOutFloat2Components.uasset" 275
"../../../Engine/Content/Functions/Engine_MaterialFunctions02/Utility/BreakOutFloat2Components.uexp" 276
"../../../Engine/Content/EngineMaterials/DefaultPostProcessMaterial.uasset" 277
"../../../Engine/Content/EngineMaterials/DefaultPostProcessMaterial.uexp" 278
"../../../Engine/Content/EngineFonts/RobotoDistanceField.uasset" 279
"../../../Engine/Content/EngineFonts/RobotoDistanceField.uexp" 280
"../../../Engine/Content/EngineMaterials/DefaultTextMaterialOpaque.uasset" 281
"../../../Engine/Content/EngineMaterials/DefaultTextMaterialOpaque.uexp" 282
"../../../Engine/Content/EngineMaterials/DefaultWhiteGrid.uasset" 283
"../../../Engine/Content/EngineMaterials/DefaultWhiteGrid.uexp" 284
"../../../Engine/Content/EngineMaterials/DefaultWhiteGrid.ubulk" 285
"../../../Engine/Content/EngineMaterials/DefaultWhiteGrid_Low.uasset" 286
"../../../Engine/Content/EngineMaterials/DefaultWhiteGrid_Low.uexp" 287
"../../../Engine/Content/EngineMaterials/EmissiveMeshMaterial.uasset" 288
"../../../Engine/Content/EngineMaterials/EmissiveMeshMaterial.uexp" 289
"../../../Engine/Content/EngineMaterials/GizmoMaterial.uasset" 290
"../../../Engine/Content/EngineMaterials/GizmoMaterial.uexp" 291
"../../../Engine/Content/EngineMaterials/Good64x64TilingNoiseHighFreq.uasset" 292
"../../../Engine/Content/EngineMaterials/Good64x64TilingNoiseHighFreq.uexp" 293
"../../../Engine/Content/EngineMaterials/MiniFont.uasset" 294
"../../../Engine/Content/EngineMaterials/MiniFont.uexp" 295
"../../../Engine/Content/EngineMaterials/InvalidLightmapSettings.uasset" 296
"../../../Engine/Content/EngineMaterials/InvalidLightmapSettings.uexp" 297
"../../../Engine/Content/EngineMaterials/InvalidLightmapSettings.ubulk" 298
"../../../Engine/Content/EngineMaterials/M_InvalidLightmapSettings.uasset" 299
"../../../Engine/Content/EngineMaterials/M_InvalidLightmapSettings.uexp" 300
"../../../Engine/Content/Functions/Engine_MaterialFunctions02/WorldPositionOffset/CameraOffset.uasset" 301
"../../../Engine/Content/Functions/Engine_MaterialFunctions02/WorldPositionOffset/CameraOffset.uexp" 302
"../../../Engine/Content/EngineMaterials/PhAT_JointLimitMaterial.uasset" 303
"../../../Engine/Content/EngineMaterials/PhAT_JointLimitMaterial.uexp" 304
"../../../Engine/Content/EngineMaterials/DefaultCalibrationColor.uasset" 305
"../../../Engine/Content/EngineMaterials/DefaultCalibrationColor.uexp" 306
"../../../Engine/Content/EngineMaterials/PPM_DefaultCalibrationColor.uasset" 307
"../../../Engine/Content/EngineMaterials/PPM_DefaultCalibrationColor.uexp" 308
"../../../Engine/Content/EngineMaterials/DefaultCalibrationGrayscale.uasset" 309
"../../../Engine/Content/EngineMaterials/DefaultCalibrationGrayscale.uexp" 310
"../../../Engine/Content/EngineMaterials/PPM_DefaultCalibrationGrayscale.uasset" 311
"../../../Engine/Content/EngineMaterials/PPM_DefaultCalibrationGrayscale.uexp" 312
"../../../Engine/Content/EngineMaterials/PreintegratedSkinBRDF.uasset" 313
"../../../Engine/Content/EngineMaterials/PreintegratedSkinBRDF.uexp" 314
"../../../Engine/Content/EngineMaterials/RemoveSurfaceMaterial.uasset" 315
"../../../Engine/Content/EngineMaterials/RemoveSurfaceMaterial.uexp" 316
"../../../Engine/Content/EngineMaterials/WeightMapPlaceholderTexture.uasset" 317
"../../../Engine/Content/EngineMaterials/WeightMapPlaceholderTexture.uexp" 318
"../../../Engine/Content/EngineResources/WhiteSquareTexture.uasset" 319
"../../../Engine/Content/EngineResources/WhiteSquareTexture.uexp" 320
"../../../Engine/Content/EngineMaterials/Widget3DPassThrough.uasset" 321
"../../../Engine/Content/EngineMaterials/Widget3DPassThrough.uexp" 322
"../../../Engine/Content/EngineMaterials/Widget3DPassThrough_Masked.uasset" 323
"../../../Engine/Content/EngineMaterials/Widget3DPassThrough_Masked.uexp" 324
"../../../Engine/Content/EngineMaterials/Widget3DPassThrough_Opaque.uasset" 325
"../../../Engine/Content/EngineMaterials/Widget3DPassThrough_Opaque.uexp" 326
"../../../Engine/Content/EngineMaterials/Widget3DPassThrough_Masked_OneSided.uasset" 327
"../../../Engine/Content/EngineMaterials/Widget3DPassThrough_Masked_OneSided.uexp" 328
"../../../Engine/Content/EngineMaterials/Widget3DPassThrough_Opaque_OneSided.uasset" 329
"../../../Engine/Content/EngineMaterials/Widget3DPassThrough_Opaque_OneSided.uexp" 330
"../../../Engine/Content/EngineMaterials/Widget3DPassThrough_Translucent.uasset" 331
"../../../Engine/Content/EngineMaterials/Widget3DPassThrough_Translucent.uexp" 332
"../../../Engine/Content/EngineMaterials/Widget3DPassThrough_Translucent_OneSided.uasset" 333
"../../../Engine/Content/EngineMaterials/Widget3DPassThrough_Translucent_OneSided.uexp" 334
"../../../Engine/Content/EngineMeshes/Cylinder.uasset" 335
"../../../Engine/Content/EngineMeshes/Cylinder.uexp" 336
"../../../Engine/Content/EngineMeshes/Sphere.uasset" 337
"../../../Engine/Content/EngineMeshes/Sphere.uexp" 338
"../../../Engine/Content/EngineResources/DefaultTexture.uasset" 339
"../../../Engine/Content/EngineResources/DefaultTexture.uexp" 340
"../../../Engine/Content/EngineResources/DefaultTexture.ubulk" 341
"../../../Engine/Content/EngineResources/DefaultTextureCube.uasset" 342
"../../../Engine/Content/EngineResources/DefaultTextureCube.uexp" 343
"../../../Engine/Content/EngineResources/DefaultVolumeTexture2D.uasset" 344
"../../../Engine/Content/EngineResources/DefaultVolumeTexture2D.uexp" 345
"../../../Engine/Content/EngineResources/DefaultVolumeTexture.uasset" 346
"../../../Engine/Content/EngineResources/DefaultVolumeTexture.uexp" 347
"../../../Engine/Content/EngineResources/GradientTexture0.uasset" 348
"../../../Engine/Content/EngineResources/GradientTexture0.uexp" 349
"../../../Engine/Content/EngineSky/VolumetricClouds/T_NoiseShape64.uasset" 350
"../../../Engine/Content/EngineSky/VolumetricClouds/T_NoiseShape64.uexp" 351
"../../../Engine/Content/EngineSky/VolumetricClouds/T_NoiseShape64.ubulk" 352
"../../../Engine/Content/EngineSky/VolumetricClouds/T_VolumeNoiseShape64.uasset" 353
"../../../Engine/Content/EngineSky/VolumetricClouds/T_VolumeNoiseShape64.uexp" 354
"../../../Engine/Content/EngineSky/VolumetricClouds/T_NoiseErosion.uasset" 355
"../../../Engine/Content/EngineSky/VolumetricClouds/T_NoiseErosion.uexp" 356
"../../../Engine/Content/EngineSky/VolumetricClouds/T_NoiseErosion.ubulk" 357
"../../../Engine/Content/EngineSky/VolumetricClouds/T_VolumeNoiseErosion32.uasset" 358
"../../../Engine/Content/EngineSky/VolumetricClouds/T_VolumeNoiseErosion32.uexp" 359
"../../../Engine/Content/EngineSky/VolumetricClouds/CloudWeatherTexture.uasset" 360
"../../../Engine/Content/EngineSky/VolumetricClouds/CloudWeatherTexture.uexp" 361
"../../../Engine/Content/EngineSky/VolumetricClouds/CloudGradientTexture.uasset" 362
"../../../Engine/Content/EngineSky/VolumetricClouds/CloudGradientTexture.uexp" 363
"../../../Engine/Content/Functions/Engine_MaterialFunctions02/Utility/MakeFloat2.uasset" 364
"../../../Engine/Content/Functions/Engine_MaterialFunctions02/Utility/MakeFloat2.uexp" 365
"../../../Engine/Content/EngineSky/VolumetricClouds/m_SimpleVolumetricCloud.uasset" 366
"../../../Engine/Content/EngineSky/VolumetricClouds/m_SimpleVolumetricCloud.uexp" 367
"../../../Engine/Content/EngineSky/VolumetricClouds/m_SimpleVolumetricCloud_Inst.uasset" 368
"../../../Engine/Content/EngineSky/VolumetricClouds/m_SimpleVolumetricCloud_Inst.uexp" 369
"../../../Engine/Content/EngineSounds/Master.uasset" 370
"../../../Engine/Content/EngineSounds/Master.uexp" 371
"../../../Engine/Content/Functions/Engine_MaterialFunctions01/Shading/PowerToRoughness.uasset" 372
"../../../Engine/Content/Functions/Engine_MaterialFunctions01/Shading/PowerToRoughness.uexp" 373
"../../../Engine/Content/Maps/Templates/Thumbnails/Default.uasset" 374
"../../../Engine/Content/Maps/Templates/Thumbnails/Default.uexp" 375
"../../../Engine/Content/Maps/Templates/Thumbnails/TimeOfDay.uasset" 376
"../../../Engine/Content/Maps/Templates/Thumbnails/TimeOfDay.uexp" 377
"../../../Engine/Content/Maps/Templates/Thumbnails/VR-Basic.uasset" 378
"../../../Engine/Content/Maps/Templates/Thumbnails/VR-Basic.uexp" 379
"../../../Engine/Content/MobileResources/T_MobileControls_texture.uasset" 380
"../../../Engine/Content/MobileResources/T_MobileControls_texture.uexp" 381
"../../../Engine/Content/MobileResources/T_MobileMenu2.uasset" 382
"../../../Engine/Content/MobileResources/T_MobileMenu2.uexp" 383
"../../../Engine/Content/MobileResources/HUD/AnalogHat.uasset" 384
"../../../Engine/Content/MobileResources/HUD/AnalogHat.uexp" 385
"../../../Engine/Content/MobileResources/HUD/VirtualJoystick_Thumb.uasset" 386
"../../../Engine/Content/MobileResources/HUD/VirtualJoystick_Thumb.uexp" 387
"../../../Engine/Content/MobileResources/HUD/VirtualJoystick_Background.uasset" 388
"../../../Engine/Content/MobileResources/HUD/VirtualJoystick_Background.uexp" 389
"../../../Engine/Content/MobileResources/HUD/DefaultVirtualJoysticks.uasset" 390
"../../../Engine/Content/MobileResources/HUD/DefaultVirtualJoysticks.uexp" 391
"../../../Engine/Content/MobileResources/HUD/LeftVirtualJoystickOnly.uasset" 392
"../../../Engine/Content/MobileResources/HUD/LeftVirtualJoystickOnly.uexp" 393
"../../../Engine/Content/MobileResources/HUD/MobileHUDButton1_off.uasset" 394
"../../../Engine/Content/MobileResources/HUD/MobileHUDButton1_off.uexp" 395
"../../../Engine/Content/MobileResources/HUD/MobileHUDButton1_on.uasset" 396
"../../../Engine/Content/MobileResources/HUD/MobileHUDButton1_on.uexp" 397
"../../../Engine/Content/MobileResources/HUD/MobileHUDButton2_off.uasset" 398
"../../../Engine/Content/MobileResources/HUD/MobileHUDButton2_off.uexp" 399
"../../../Engine/Content/MobileResources/HUD/MobileHUDButton2_on.uasset" 400
"../../../Engine/Content/MobileResources/HUD/MobileHUDButton2_on.uexp" 401
"../../../Engine/Content/MobileResources/HUD/MobileHUDButton3.uasset" 402
"../../../Engine/Content/MobileResources/HUD/MobileHUDButton3.uexp" 403
"../../../Engine/Content/MobileResources/HUD/MobileHUDButtonFire.uasset" 404
"../../../Engine/Content/MobileResources/HUD/MobileHUDButtonFire.uexp" 405
"../../../Engine/Content/MobileResources/HUD/MobileHUDDirectionPad.uasset" 406
"../../../Engine/Content/MobileResources/HUD/MobileHUDDirectionPad.uexp" 407
"../../../Engine/Content/MobileResources/HUD/MobileHUDDirectionPad2.uasset" 408
"../../../Engine/Content/MobileResources/HUD/MobileHUDDirectionPad2.uexp" 409
"../../../Engine/Content/MobileResources/HUD/MobileHUDDirectionPad3.uasset" 410
"../../../Engine/Content/MobileResources/HUD/MobileHUDDirectionPad3.uexp" 411
"../../../Engine/Content/MobileResources/HUD/MobileHUDDirectionStick.uasset" 412
"../../../Engine/Content/MobileResources/HUD/MobileHUDDirectionStick.uexp" 413
"../../../Engine/Content/MobileResources/HUD/T_Castle_ThumbstickInner.uasset" 414
"../../../Engine/Content/MobileResources/HUD/T_Castle_ThumbstickInner.uexp" 415
"../../../Engine/Content/MobileResources/HUD/T_Castle_ThumbstickOutter.uasset" 416
"../../../Engine/Content/MobileResources/HUD/T_Castle_ThumbstickOutter.uexp" 417
"../../../Engine/Content/Tutorial/ContentIntroCurve.uasset" 418
"../../../Engine/Content/Tutorial/ContentIntroCurve.uexp" 419
"../../../Engine/Content/VREditor/TransformGizmo/TranslucentTransformGizmoMaterial.uasset" 420
"../../../Engine/Content/VREditor/TransformGizmo/TranslucentTransformGizmoMaterial.uexp" 421
"../../../Engine/Content/VREditor/LaserPointer/VR_LaserPower_01.uasset" 422
"../../../Engine/Content/VREditor/LaserPointer/VR_LaserPower_01.uexp" 423
"../../../Engine/Content/VREditor/LaserPointer/VR_LaserPower_01.ubulk" 424
"../../../Engine/Content/VREditor/TransformGizmo/TransformGizmoMaterial.uasset" 425
"../../../Engine/Content/VREditor/TransformGizmo/TransformGizmoMaterial.uexp" 426
"../../../Engine/Content/VREditor/TransformGizmo/BoundingBoxCorner.uasset" 427
"../../../Engine/Content/VREditor/TransformGizmo/BoundingBoxCorner.uexp" 428
"../../../Engine/Content/VREditor/TransformGizmo/BoundingBoxEdge.uasset" 429
"../../../Engine/Content/VREditor/TransformGizmo/BoundingBoxEdge.uexp" 430
"../../../Engine/Content/VREditor/TransformGizmo/PlaneTranslationHandle.uasset" 431
"../../../Engine/Content/VREditor/TransformGizmo/PlaneTranslationHandle.uexp" 432
"../../../Engine/Content/VREditor/TransformGizmo/Xray.uasset" 433
"../../../Engine/Content/VREditor/TransformGizmo/Xray.uexp" 434
"../../../Engine/Content/VREditor/TransformGizmo/Main.uasset" 435
"../../../Engine/Content/VREditor/TransformGizmo/Main.uexp" 436
"../../../Engine/Content/VREditor/TransformGizmo/SM_Sequencer_Key.uasset" 437
"../../../Engine/Content/VREditor/TransformGizmo/SM_Sequencer_Key.uexp" 438
"../../../Engine/Content/VREditor/TransformGizmo/SM_Sequencer_Node.uasset" 439
"../../../Engine/Content/VREditor/TransformGizmo/SM_Sequencer_Node.uexp" 440
"../../../Engine/Plugins/2D/Paper2D/Content/PlaceholderTextures/DummySpriteTexture.uasset" 441
"../../../Engine/Plugins/2D/Paper2D/Content/PlaceholderTextures/DummySpriteTexture.uexp" 442
"../../../Engine/Plugins/2D/Paper2D/Content/PlaceholderTextures/DummySpriteTexture.ubulk" 443
"../../../Engine/Plugins/2D/Paper2D/Content/DummySprite.uasset" 444
"../../../Engine/Plugins/2D/Paper2D/Content/DummySprite.uexp" 445
"../../../Engine/Plugins/2D/Paper2D/Content/DefaultPaperTerrainMaterial.uasset" 446
"../../../Engine/Plugins/2D/Paper2D/Content/DefaultPaperTerrainMaterial.uexp" 447
"../../../Engine/Plugins/2D/Paper2D/Content/DefaultSpriteMaterial.uasset" 448
"../../../Engine/Plugins/2D/Paper2D/Content/DefaultSpriteMaterial.uexp" 449
"../../../Engine/Plugins/2D/Paper2D/Content/MaskedUnlitSpriteMaterial.uasset" 450
"../../../Engine/Plugins/2D/Paper2D/Content/MaskedUnlitSpriteMaterial.uexp" 451
"../../../Engine/Plugins/2D/Paper2D/Content/OpaqueUnlitSpriteMaterial.uasset" 452
"../../../Engine/Plugins/2D/Paper2D/Content/OpaqueUnlitSpriteMaterial.uexp" 453
"../../../Engine/Content/Functions/Engine_MaterialFunctions02/Utility/BreakOutFloat3Components.uasset" 454
"../../../Engine/Content/Functions/Engine_MaterialFunctions02/Utility/BreakOutFloat3Components.uexp" 455
"../../../Engine/Plugins/Editor/SpeedTreeImporter/Content/SpeedTree9/UnpackInteger3.uasset" 456
"../../../Engine/Plugins/Editor/SpeedTreeImporter/Content/SpeedTree9/UnpackInteger3.uexp" 457
"../../../Engine/Plugins/Editor/SpeedTreeImporter/Content/SpeedTree9/UnpackDirection.uasset" 458
"../../../Engine/Plugins/Editor/SpeedTreeImporter/Content/SpeedTree9/UnpackDirection.uexp" 459
"../../../Engine/Plugins/Editor/SpeedTreeImporter/Content/SpeedTree9/game_wind_noise.uasset" 460
"../../../Engine/Plugins/Editor/SpeedTreeImporter/Content/SpeedTree9/game_wind_noise.uexp" 461
"../../../Engine/Plugins/Editor/SpeedTreeImporter/Content/SpeedTree9/game_wind_noise.ubulk" 462
"../../../Engine/Content/Functions/Engine_MaterialFunctions02/SafeNormalize.uasset" 463
"../../../Engine/Content/Functions/Engine_MaterialFunctions02/SafeNormalize.uexp" 464
"../../../Engine/Plugins/Editor/SpeedTreeImporter/Content/SpeedTree9/SpeedTreeWindMotion.uasset" 465
"../../../Engine/Plugins/Editor/SpeedTreeImporter/Content/SpeedTree9/SpeedTreeWindMotion.uexp" 466
"../../../Engine/Plugins/Editor/SpeedTreeImporter/Content/SpeedTree9/SpeedTreeBranchMotion.uasset" 467
"../../../Engine/Plugins/Editor/SpeedTreeImporter/Content/SpeedTree9/SpeedTreeBranchMotion.uexp" 468
"../../../Engine/Content/Functions/Engine_MaterialFunctions02/ObjectLocalBounds.uasset" 469
"../../../Engine/Content/Functions/Engine_MaterialFunctions02/ObjectLocalBounds.uexp" 470
"../../../Engine/Content/Functions/Engine_MaterialFunctions02/UVs/BoundingBoxBased_0-1_UVW.uasset" 471
"../../../Engine/Content/Functions/Engine_MaterialFunctions02/UVs/BoundingBoxBased_0-1_UVW.uexp" 472
"../../../Engine/Content/Functions/Engine_MaterialFunctions02/Utility/VectorLength.uasset" 473
"../../../Engine/Content/Functions/Engine_MaterialFunctions02/Utility/VectorLength.uexp" 474
"../../../Engine/Content/Functions/Engine_MaterialFunctions02/WorldPositionOffset/ObjectScale.uasset" 475
"../../../Engine/Content/Functions/Engine_MaterialFunctions02/WorldPositionOffset/ObjectScale.uexp" 476
"../../../Engine/Plugins/Editor/SpeedTreeImporter/Content/SpeedTree9/SpeedTreeWind.uasset" 477
"../../../Engine/Plugins/Editor/SpeedTreeImporter/Content/SpeedTree9/SpeedTreeWind.uexp" 478
"../../../Engine/Plugins/Editor/SpeedTreeImporter/Content/SpeedTree9/SpeedTreeBillboard.uasset" 479
"../../../Engine/Plugins/Editor/SpeedTreeImporter/Content/SpeedTree9/SpeedTreeBillboard.uexp" 480
"../../../Engine/Plugins/Editor/SpeedTreeImporter/Content/SpeedTree9/EmptyNormal.uasset" 481
"../../../Engine/Plugins/Editor/SpeedTreeImporter/Content/SpeedTree9/EmptyNormal.uexp" 482
"../../../Engine/Plugins/Editor/SpeedTreeImporter/Content/SpeedTree9/Empty.uasset" 483
"../../../Engine/Plugins/Editor/SpeedTreeImporter/Content/SpeedTree9/Empty.uexp" 484
"../../../Engine/Plugins/Editor/SpeedTreeImporter/Content/SpeedTree9/SpeedTreeBillboardMaster.uasset" 485
"../../../Engine/Plugins/Editor/SpeedTreeImporter/Content/SpeedTree9/SpeedTreeBillboardMaster.uexp" 486
"../../../Engine/Plugins/Editor/SpeedTreeImporter/Content/SpeedTree9/SpeedTreeCameraFacing.uasset" 487
"../../../Engine/Plugins/Editor/SpeedTreeImporter/Content/SpeedTree9/SpeedTreeCameraFacing.uexp" 488
"../../../Engine/Plugins/Editor/SpeedTreeImporter/Content/SpeedTree9/SpeedTreeMaster.uasset" 489
"../../../Engine/Plugins/Editor/SpeedTreeImporter/Content/SpeedTree9/SpeedTreeMaster.uexp" 490
"../../../Engine/Content/ArtTools/RenderToTexture/Materials/Debug/M_Emissive_Color.uasset" 491
"../../../Engine/Content/ArtTools/RenderToTexture/Materials/Debug/M_Emissive_Color.uexp" 492
"../../../Engine/Content/BasicShapes/Cylinder.uasset" 493
"../../../Engine/Content/BasicShapes/Cylinder.uexp" 494
"../../../Engine/Plugins/Lumin/MagicLeapPassableWorld/Content/MagicLeapARPinInfoActor.uasset" 495
"../../../Engine/Plugins/Lumin/MagicLeapPassableWorld/Content/MagicLeapARPinInfoActor.uexp" 496
"../../../Engine/Plugins/Runtime/OpenXR/Content/Devices/GoogleDaydream/MRTexture.uasset" 497
"../../../Engine/Plugins/Runtime/OpenXR/Content/Devices/GoogleDaydream/MRTexture.uexp" 498
"../../../Engine/Plugins/Runtime/OpenXR/Content/Devices/GoogleDaydream/MRTexture.ubulk" 499
"../../../Engine/Plugins/Runtime/OpenXR/Content/Devices/GoogleDaydream/BaseTexture.uasset" 500
"../../../Engine/Plugins/Runtime/OpenXR/Content/Devices/GoogleDaydream/BaseTexture.uexp" 501
"../../../Engine/Plugins/Runtime/OpenXR/Content/Devices/GoogleDaydream/BaseTexture.ubulk" 502
"../../../Engine/Content/EngineResources/Black.uasset" 503
"../../../Engine/Content/EngineResources/Black.uexp" 504
"../../../Engine/Plugins/Runtime/OpenXR/Content/Devices/M_XRController.uasset" 505
"../../../Engine/Plugins/Runtime/OpenXR/Content/Devices/M_XRController.uexp" 506
"../../../Engine/Plugins/Runtime/OpenXR/Content/Devices/GoogleDaydream/MI_GoogleDaydream.uasset" 507
"../../../Engine/Plugins/Runtime/OpenXR/Content/Devices/GoogleDaydream/MI_GoogleDaydream.uexp" 508
"../../../Engine/Plugins/Runtime/OpenXR/Content/Devices/GoogleDaydream/GoogleDaydreamController.uasset" 509
"../../../Engine/Plugins/Runtime/OpenXR/Content/Devices/GoogleDaydream/GoogleDaydreamController.uexp" 510
"../../../Engine/Plugins/Runtime/OpenXR/Content/Devices/HTCVive/BaseTexture.uasset" 511
"../../../Engine/Plugins/Runtime/OpenXR/Content/Devices/HTCVive/BaseTexture.uexp" 512
"../../../Engine/Plugins/Runtime/OpenXR/Content/Devices/HTCVive/BaseTexture.ubulk" 513
"../../../Engine/Plugins/Runtime/OpenXR/Content/Devices/HTCVive/MI_HTCVive.uasset" 514
"../../../Engine/Plugins/Runtime/OpenXR/Content/Devices/HTCVive/MI_HTCVive.uexp" 515
"../../../Engine/Plugins/Runtime/OpenXR/Content/Devices/HTCVive/HTCViveController.uasset" 516
"../../../Engine/Plugins/Runtime/OpenXR/Content/Devices/HTCVive/HTCViveController.uexp" 517
"../../../Engine/Plugins/Runtime/OpenXR/Content/Devices/MicrosoftMixedReality/NormalTexture.uasset" 518
"../../../Engine/Plugins/Runtime/OpenXR/Content/Devices/MicrosoftMixedReality/NormalTexture.uexp" 519
"../../../Engine/Plugins/Runtime/OpenXR/Content/Devices/MicrosoftMixedReality/NormalTexture.ubulk" 520
"../../../Engine/Plugins/Runtime/OpenXR/Content/Devices/MicrosoftMixedReality/MRTexture.uasset" 521
"../../../Engine/Plugins/Runtime/OpenXR/Content/Devices/MicrosoftMixedReality/MRTexture.uexp" 522
"../../../Engine/Plugins/Runtime/OpenXR/Content/Devices/MicrosoftMixedReality/MRTexture.ubulk" 523
"../../../Engine/Plugins/Runtime/OpenXR/Content/Devices/MicrosoftMixedReality/EmissiveTexture.uasset" 524
"../../../Engine/Plugins/Runtime/OpenXR/Content/Devices/MicrosoftMixedReality/EmissiveTexture.uexp" 525
"../../../Engine/Plugins/Runtime/OpenXR/Content/Devices/MicrosoftMixedReality/EmissiveTexture.ubulk" 526
"../../../Engine/Plugins/Runtime/OpenXR/Content/Devices/MicrosoftMixedReality/BaseTexture.uasset" 527
"../../../Engine/Plugins/Runtime/OpenXR/Content/Devices/MicrosoftMixedReality/BaseTexture.uexp" 528
"../../../Engine/Plugins/Runtime/OpenXR/Content/Devices/MicrosoftMixedReality/BaseTexture.ubulk" 529
"../../../Engine/Plugins/Runtime/OpenXR/Content/Devices/MicrosoftMixedReality/MI_MicrosoftMixedReality.uasset" 530
"../../../Engine/Plugins/Runtime/OpenXR/Content/Devices/MicrosoftMixedReality/MI_MicrosoftMixedReality.uexp" 531
"../../../Engine/Plugins/Runtime/OpenXR/Content/Devices/MicrosoftMixedReality/Left/left_MicrosoftMixedRealityController.uasset" 532
"../../../Engine/Plugins/Runtime/OpenXR/Content/Devices/MicrosoftMixedReality/Left/left_MicrosoftMixedRealityController.uexp" 533
"../../../Engine/Plugins/Runtime/OpenXR/Content/Devices/MicrosoftMixedReality/Right/right_MicrosoftMixedRealityController.uasset" 534
"../../../Engine/Plugins/Runtime/OpenXR/Content/Devices/MicrosoftMixedReality/Right/right_MicrosoftMixedRealityController.uexp" 535
"../../../Engine/Plugins/Runtime/OpenXR/Content/Devices/OculusGo/BaseTexture.uasset" 536
"../../../Engine/Plugins/Runtime/OpenXR/Content/Devices/OculusGo/BaseTexture.uexp" 537
"../../../Engine/Plugins/Runtime/OpenXR/Content/Devices/OculusGo/BaseTexture.ubulk" 538
"../../../Engine/Plugins/Runtime/OpenXR/Content/Devices/OculusGo/MI_OculusGo.uasset" 539
"../../../Engine/Plugins/Runtime/OpenXR/Content/Devices/OculusGo/MI_OculusGo.uexp" 540
"../../../Engine/Plugins/Runtime/OpenXR/Content/Devices/OculusGo/OculusGoController.uasset" 541
"../../../Engine/Plugins/Runtime/OpenXR/Content/Devices/OculusGo/OculusGoController.uexp" 542
"../../../Engine/Plugins/Runtime/OpenXR/Content/Devices/OculusTouch/MRTexture.uasset" 543
"../../../Engine/Plugins/Runtime/OpenXR/Content/Devices/OculusTouch/MRTexture.uexp" 544
"../../../Engine/Plugins/Runtime/OpenXR/Content/Devices/OculusTouch/MRTexture.ubulk" 545
"../../../Engine/Plugins/Runtime/OpenXR/Content/Devices/OculusTouch/BaseTexture.uasset" 546
"../../../Engine/Plugins/Runtime/OpenXR/Content/Devices/OculusTouch/BaseTexture.uexp" 547
"../../../Engine/Plugins/Runtime/OpenXR/Content/Devices/OculusTouch/BaseTexture.ubulk" 548
"../../../Engine/Plugins/Runtime/OpenXR/Content/Devices/OculusTouch/MI_OculusTouch.uasset" 549
"../../../Engine/Plugins/Runtime/OpenXR/Content/Devices/OculusTouch/MI_OculusTouch.uexp" 550
"../../../Engine/Plugins/Runtime/OpenXR/Content/Devices/OculusTouch/Left/left_OculusTouchController.uasset" 551
"../../../Engine/Plugins/Runtime/OpenXR/Content/Devices/OculusTouch/Left/left_OculusTouchController.uexp" 552
"../../../Engine/Plugins/Runtime/OpenXR/Content/Devices/OculusTouch/Right/right_OculusTouchController.uasset" 553
"../../../Engine/Plugins/Runtime/OpenXR/Content/Devices/OculusTouch/Right/right_OculusTouchController.uexp" 554
"../../../Engine/Plugins/Runtime/OpenXR/Content/Devices/OculusTouch_v2/MRTexture.uasset" 555
"../../../Engine/Plugins/Runtime/OpenXR/Content/Devices/OculusTouch_v2/MRTexture.uexp" 556
"../../../Engine/Plugins/Runtime/OpenXR/Content/Devices/OculusTouch_v2/MRTexture.ubulk" 557
"../../../Engine/Plugins/Runtime/OpenXR/Content/Devices/OculusTouch_v2/BaseTexture.uasset" 558
"../../../Engine/Plugins/Runtime/OpenXR/Content/Devices/OculusTouch_v2/BaseTexture.uexp" 559
"../../../Engine/Plugins/Runtime/OpenXR/Content/Devices/OculusTouch_v2/BaseTexture.ubulk" 560
"../../../Engine/Plugins/Runtime/OpenXR/Content/Devices/OculusTouch_v2/MI_OculusTouch_v2.uasset" 561
"../../../Engine/Plugins/Runtime/OpenXR/Content/Devices/OculusTouch_v2/MI_OculusTouch_v2.uexp" 562
"../../../Engine/Plugins/Runtime/OpenXR/Content/Devices/OculusTouch_v2/Left/left_OculusTouch_v2Controller.uasset" 563
"../../../Engine/Plugins/Runtime/OpenXR/Content/Devices/OculusTouch_v2/Left/left_OculusTouch_v2Controller.uexp" 564
"../../../Engine/Plugins/Runtime/OpenXR/Content/Devices/OculusTouch_v2/Right/right_OculusTouch_v2Controller.uasset" 565
"../../../Engine/Plugins/Runtime/OpenXR/Content/Devices/OculusTouch_v2/Right/right_OculusTouch_v2Controller.uexp" 566
"../../../Engine/Plugins/Runtime/OpenXR/Content/Devices/OculusTouch_v3/MRTexture.uasset" 567
"../../../Engine/Plugins/Runtime/OpenXR/Content/Devices/OculusTouch_v3/MRTexture.uexp" 568
"../../../Engine/Plugins/Runtime/OpenXR/Content/Devices/OculusTouch_v3/MRTexture.ubulk" 569
"../../../Engine/Plugins/Runtime/OpenXR/Content/Devices/OculusTouch_v3/BaseTexture.uasset" 570
"../../../Engine/Plugins/Runtime/OpenXR/Content/Devices/OculusTouch_v3/BaseTexture.uexp" 571
"../../../Engine/Plugins/Runtime/OpenXR/Content/Devices/OculusTouch_v3/BaseTexture.ubulk" 572
"../../../Engine/Plugins/Runtime/OpenXR/Content/Devices/OculusTouch_v3/MI_OculusTouch_v3.uasset" 573
"../../../Engine/Plugins/Runtime/OpenXR/Content/Devices/OculusTouch_v3/MI_OculusTouch_v3.uexp" 574
"../../../Engine/Plugins/Runtime/OpenXR/Content/Devices/OculusTouch_v3/Left/left_OculusTouch_v3Controller.uasset" 575
"../../../Engine/Plugins/Runtime/OpenXR/Content/Devices/OculusTouch_v3/Left/left_OculusTouch_v3Controller.uexp" 576
"../../../Engine/Plugins/Runtime/OpenXR/Content/Devices/OculusTouch_v3/Right/right_OculusTouch_v3Controller.uasset" 577
"../../../Engine/Plugins/Runtime/OpenXR/Content/Devices/OculusTouch_v3/Right/right_OculusTouch_v3Controller.uexp" 578
"../../../Engine/Plugins/Runtime/OpenXR/Content/Devices/ValveIndex/MRTexture.uasset" 579
"../../../Engine/Plugins/Runtime/OpenXR/Content/Devices/ValveIndex/MRTexture.uexp" 580
"../../../Engine/Plugins/Runtime/OpenXR/Content/Devices/ValveIndex/MRTexture.ubulk" 581
"../../../Engine/Plugins/Runtime/OpenXR/Content/Devices/ValveIndex/BaseTexture.uasset" 582
"../../../Engine/Plugins/Runtime/OpenXR/Content/Devices/ValveIndex/BaseTexture.uexp" 583
"../../../Engine/Plugins/Runtime/OpenXR/Content/Devices/ValveIndex/BaseTexture.ubulk" 584
"../../../Engine/Plugins/Runtime/OpenXR/Content/Devices/ValveIndex/Left/MI_left_ValveIndex.uasset" 585
"../../../Engine/Plugins/Runtime/OpenXR/Content/Devices/ValveIndex/Left/MI_left_ValveIndex.uexp" 586
"../../../Engine/Plugins/Runtime/OpenXR/Content/Devices/ValveIndex/Left/left_ValveIndexController.uasset" 587
"../../../Engine/Plugins/Runtime/OpenXR/Content/Devices/ValveIndex/Left/left_ValveIndexController.uexp" 588
"../../../Engine/Plugins/Runtime/OpenXR/Content/Devices/ValveIndex/Right/MI_right_ValveIndex.uasset" 589
"../../../Engine/Plugins/Runtime/OpenXR/Content/Devices/ValveIndex/Right/MI_right_ValveIndex.uexp" 590
"../../../Engine/Plugins/Runtime/OpenXR/Content/Devices/ValveIndex/Right/right_ValveIndexController.uasset" 591
"../../../Engine/Plugins/Runtime/OpenXR/Content/Devices/ValveIndex/Right/right_ValveIndexController.uexp" 592
"../../../Engine/Content/Functions/Engine_MaterialFunctions02/Utility/BreakOutFloat4Components.uasset" 593
"../../../Engine/Content/Functions/Engine_MaterialFunctions02/Utility/BreakOutFloat4Components.uexp" 594
"../../../Engine/Content/Functions/Engine_MaterialFunctions02/Utility/MakeFloat3.uasset" 595
"../../../Engine/Content/Functions/Engine_MaterialFunctions02/Utility/MakeFloat3.uexp" 596
"../../../Engine/Plugins/Runtime/Oculus/OculusVR/Content/Materials/OculusMR_ChromaKey.uasset" 597
"../../../Engine/Plugins/Runtime/Oculus/OculusVR/Content/Materials/OculusMR_ChromaKey.uexp" 598
"../../../Engine/Plugins/Runtime/Oculus/OculusVR/Content/Materials/OculusMR_OpaqueColoredMaterial.uasset" 599
"../../../Engine/Plugins/Runtime/Oculus/OculusVR/Content/Materials/OculusMR_OpaqueColoredMaterial.uexp" 600
"../../../Engine/Plugins/Runtime/Oculus/OculusVR/Content/Materials/PokeAHoleMaterial.uasset" 601
"../../../Engine/Plugins/Runtime/Oculus/OculusVR/Content/Materials/PokeAHoleMaterial.uexp" 602
"../../../Engine/Plugins/Runtime/Oculus/OculusVR/Content/Textures/touchController_controlmap.uasset" 603
"../../../Engine/Plugins/Runtime/Oculus/OculusVR/Content/Textures/touchController_controlmap.uexp" 604
"../../../Engine/Plugins/Runtime/Oculus/OculusVR/Content/Textures/touchController_controlmap.ubulk" 605
"../../../Engine/Plugins/Runtime/Oculus/OculusVR/Content/Textures/touchController_albedo.uasset" 606
"../../../Engine/Plugins/Runtime/Oculus/OculusVR/Content/Textures/touchController_albedo.uexp" 607
"../../../Engine/Plugins/Runtime/Oculus/OculusVR/Content/Textures/touchController_albedo.ubulk" 608
"../../../Engine/Plugins/Runtime/Oculus/OculusVR/Content/Materials/touchController_mat.uasset" 609
"../../../Engine/Plugins/Runtime/Oculus/OculusVR/Content/Materials/touchController_mat.uexp" 610
"../../../Engine/Plugins/Runtime/Oculus/OculusVR/Content/Meshes/LeftTouchController.uasset" 611
"../../../Engine/Plugins/Runtime/Oculus/OculusVR/Content/Meshes/LeftTouchController.uexp" 612
"../../../Engine/Plugins/Runtime/Oculus/OculusVR/Content/Textures/TouchForQuestRiftSController_albedo.uasset" 613
"../../../Engine/Plugins/Runtime/Oculus/OculusVR/Content/Textures/TouchForQuestRiftSController_albedo.uexp" 614
"../../../Engine/Plugins/Runtime/Oculus/OculusVR/Content/Textures/TouchForQuestRiftSController_albedo.ubulk" 615
"../../../Engine/Plugins/Runtime/Oculus/OculusVR/Content/Materials/TouchForQuestRiftSControllerMaterial.uasset" 616
"../../../Engine/Plugins/Runtime/Oculus/OculusVR/Content/Materials/TouchForQuestRiftSControllerMaterial.uexp" 617
"../../../Engine/Plugins/Runtime/Oculus/OculusVR/Content/Meshes/LeftTouchForQuestRiftSController.uasset" 618
"../../../Engine/Plugins/Runtime/Oculus/OculusVR/Content/Meshes/LeftTouchForQuestRiftSController.uexp" 619
"../../../Engine/Plugins/Runtime/Oculus/OculusVR/Content/Meshes/RiftHMD.uasset" 620
"../../../Engine/Plugins/Runtime/Oculus/OculusVR/Content/Meshes/RiftHMD.uexp" 621
"../../../Engine/Plugins/Runtime/Oculus/OculusVR/Content/Meshes/RightTouchController.uasset" 622
"../../../Engine/Plugins/Runtime/Oculus/OculusVR/Content/Meshes/RightTouchController.uexp" 623
"../../../Engine/Plugins/Runtime/Oculus/OculusVR/Content/Meshes/RightTouchForQuestRiftSController.uasset" 624
"../../../Engine/Plugins/Runtime/Oculus/OculusVR/Content/Meshes/RightTouchForQuestRiftSController.uexp" 625
"../../../Engine/Content/MapTemplates/SM_Template_Map_Floor.uasset" 626
"../../../Engine/Content/MapTemplates/SM_Template_Map_Floor.uexp" 627
"../../../Engine/Content/EngineSky/T_Sky_Stars.uasset" 628
"../../../Engine/Content/EngineSky/T_Sky_Stars.uexp" 629
"../../../Engine/Content/EngineSky/T_Sky_Stars.ubulk" 630
"../../../Engine/Content/EngineSky/T_Sky_Clouds_M.uasset" 631
"../../../Engine/Content/EngineSky/T_Sky_Clouds_M.uexp" 632
"../../../Engine/Content/EngineSky/T_Sky_Clouds_M.ubulk" 633
"../../../Engine/Content/EngineSky/T_Sky_Blue.uasset" 634
"../../../Engine/Content/EngineSky/T_Sky_Blue.uexp" 635
"../../../Engine/Content/EngineSky/T_Sky_Blue.ubulk" 636
"../../../Engine/Content/EngineSky/M_Sky_Panning_Clouds2.uasset" 637
"../../../Engine/Content/EngineSky/M_Sky_Panning_Clouds2.uexp" 638
"E:/app_4.27/ShootThemUp/Content/Levels/TestLevels_BuiltData.uasset" 639
"E:/app_4.27/ShootThemUp/Content/Levels/TestLevels_BuiltData.uexp" 640
"E:/app_4.27/ShootThemUp/Content/Levels/TestLevels_BuiltData.ubulk" 641
"../../../Engine/Content/EngineSky/SM_SkySphere.uasset" 642
"../../../Engine/Content/EngineSky/SM_SkySphere.uexp" 643
"../../../Engine/Content/EngineSky/C_Sky_Zenith_Color.uasset" 644
"../../../Engine/Content/EngineSky/C_Sky_Zenith_Color.uexp" 645
"../../../Engine/Content/EngineSky/C_Sky_Horizon_Color.uasset" 646
"../../../Engine/Content/EngineSky/C_Sky_Horizon_Color.uexp" 647
"../../../Engine/Content/EngineSky/C_Sky_Cloud_Color.uasset" 648
"../../../Engine/Content/EngineSky/C_Sky_Cloud_Color.uexp" 649
"../../../Engine/Content/EditorBlueprintResources/StandardMacros.uasset" 650
"../../../Engine/Content/EditorBlueprintResources/StandardMacros.uexp" 651
"../../../Engine/Content/EngineSky/BP_Sky_Sphere.uasset" 652
"../../../Engine/Content/EngineSky/BP_Sky_Sphere.uexp" 653
"E:/app_4.27/ShootThemUp/Content/ExternalContent/Animations/TTP_Animations/RoadieRun_Fwd.uasset" 654
"E:/app_4.27/ShootThemUp/Content/ExternalContent/Animations/TTP_Animations/RoadieRun_Fwd.uexp" 655
"E:/app_4.27/ShootThemUp/Content/Player/Animations/BS_LocomotionRun.uasset" 656
"E:/app_4.27/ShootThemUp/Content/Player/Animations/BS_LocomotionRun.uexp" 657
"E:/app_4.27/ShootThemUp/Content/ExternalContent/Animations/TTP_Animations/Run_Rt.uasset" 658
"E:/app_4.27/ShootThemUp/Content/ExternalContent/Animations/TTP_Animations/Run_Rt.uexp" 659
"E:/app_4.27/ShootThemUp/Content/ExternalContent/Animations/TTP_Animations/Run_Lt.uasset" 660
"E:/app_4.27/ShootThemUp/Content/ExternalContent/Animations/TTP_Animations/Run_Lt.uexp" 661
"E:/app_4.27/ShootThemUp/Content/ExternalContent/Animations/TTP_Animations/Run_Fwd.uasset" 662
"E:/app_4.27/ShootThemUp/Content/ExternalContent/Animations/TTP_Animations/Run_Fwd.uexp" 663
"E:/app_4.27/ShootThemUp/Content/ExternalContent/Animations/TTP_Animations/Run_Bwd.uasset" 664
"E:/app_4.27/ShootThemUp/Content/ExternalContent/Animations/TTP_Animations/Run_Bwd.uexp" 665
"E:/app_4.27/ShootThemUp/Content/Player/Animations/BS_LocomotionWalk.uasset" 666
"E:/app_4.27/ShootThemUp/Content/Player/Animations/BS_LocomotionWalk.uexp" 667
"E:/app_4.27/ShootThemUp/Content/ExternalContent/Animations/TTP_Animations/JumpStart.uasset" 668
"E:/app_4.27/ShootThemUp/Content/ExternalContent/Animations/TTP_Animations/JumpStart.uexp" 669
"E:/app_4.27/ShootThemUp/Content/ExternalContent/Animations/TTP_Animations/JumpLoop.uasset" 670
"E:/app_4.27/ShootThemUp/Content/ExternalContent/Animations/TTP_Animations/JumpLoop.uexp" 671
"E:/app_4.27/ShootThemUp/Content/ExternalContent/Animations/TTP_Animations/JumpEnd.uasset" 672
"E:/app_4.27/ShootThemUp/Content/ExternalContent/Animations/TTP_Animations/JumpEnd.uexp" 673
"E:/app_4.27/ShootThemUp/Content/Player/Animations/ABP_BaseCharacter.uasset" 674
"E:/app_4.27/ShootThemUp/Content/Player/Animations/ABP_BaseCharacter.uexp" 675
"E:/app_4.27/ShootThemUp/Content/ExternalContent/Characters/HeroTPP/HeroTPP_Physics.uasset" 676
"E:/app_4.27/ShootThemUp/Content/ExternalContent/Characters/HeroTPP/HeroTPP_Physics.uexp" 677
"E:/app_4.27/ShootThemUp/Content/ExternalContent/Environment/Textures/T_Vista_Grass_N.uasset" 678
"E:/app_4.27/ShootThemUp/Content/ExternalContent/Environment/Textures/T_Vista_Grass_N.uexp" 679
"E:/app_4.27/ShootThemUp/Content/ExternalContent/Environment/Textures/T_Vista_Grass_N.ubulk" 680
"E:/app_4.27/ShootThemUp/Content/ExternalContent/Environment/PhysicalMaterials/M_BodyDamage.uasset" 681
"E:/app_4.27/ShootThemUp/Content/ExternalContent/Environment/PhysicalMaterials/M_BodyDamage.uexp" 682
"E:/app_4.27/ShootThemUp/Content/ExternalContent/Characters/Textures/Tiles/T_Sctraches_01.uasset" 683
"E:/app_4.27/ShootThemUp/Content/ExternalContent/Characters/Textures/Tiles/T_Sctraches_01.uexp" 684
"E:/app_4.27/ShootThemUp/Content/ExternalContent/Characters/Textures/Tiles/T_Sctraches_01.ubulk" 685
"E:/app_4.27/ShootThemUp/Content/ExternalContent/Characters/Textures/Chr_FPS_N.uasset" 686
"E:/app_4.27/ShootThemUp/Content/ExternalContent/Characters/Textures/Chr_FPS_N.uexp" 687
"E:/app_4.27/ShootThemUp/Content/ExternalContent/Characters/Textures/Chr_FPS_Metal_02.uasset" 688
"E:/app_4.27/ShootThemUp/Content/ExternalContent/Characters/Textures/Chr_FPS_Metal_02.uexp" 689
"E:/app_4.27/ShootThemUp/Content/ExternalContent/Characters/Textures/Chr_FPS_Metal_02.ubulk" 690
"E:/app_4.27/ShootThemUp/Content/ExternalContent/Characters/Textures/Chr_FPS_Metal_01.uasset" 691
"E:/app_4.27/ShootThemUp/Content/ExternalContent/Characters/Textures/Chr_FPS_Metal_01.uexp" 692
"E:/app_4.27/ShootThemUp/Content/ExternalContent/Characters/Textures/Chr_FPS_Metal_01.ubulk" 693
"E:/app_4.27/ShootThemUp/Content/ExternalContent/Characters/Textures/Chr_FPS_M_03tga.uasset" 694
"E:/app_4.27/ShootThemUp/Content/ExternalContent/Characters/Textures/Chr_FPS_M_03tga.uexp" 695
"E:/app_4.27/ShootThemUp/Content/ExternalContent/Characters/Textures/Chr_FPS_M_03tga.ubulk" 696
"E:/app_4.27/ShootThemUp/Content/ExternalContent/Characters/Textures/Chr_FPS_M.uasset" 697
"E:/app_4.27/ShootThemUp/Content/ExternalContent/Characters/Textures/Chr_FPS_M.uexp" 698
"E:/app_4.27/ShootThemUp/Content/ExternalContent/Characters/Textures/Chr_FPS_M.ubulk" 699
"E:/app_4.27/ShootThemUp/Content/ExternalContent/Characters/Textures/Chr_FPS_Fabric_N_01.uasset" 700
"E:/app_4.27/ShootThemUp/Content/ExternalContent/Characters/Textures/Chr_FPS_Fabric_N_01.uexp" 701
"E:/app_4.27/ShootThemUp/Content/ExternalContent/Characters/Textures/Chr_FPS_Fabric_N_01.ubulk" 702
"E:/app_4.27/ShootThemUp/Content/ExternalContent/Characters/Textures/Chr_FPS_D.uasset" 703
"E:/app_4.27/ShootThemUp/Content/ExternalContent/Characters/Textures/Chr_FPS_D.uexp" 704
"E:/app_4.27/ShootThemUp/Content/ExternalContent/Characters/Textures/Chr_FPS_D.ubulk" 705
"E:/app_4.27/ShootThemUp/Content/ExternalContent/Characters/Textures/Chr_FPS_02_M.uasset" 706
"E:/app_4.27/ShootThemUp/Content/ExternalContent/Characters/Textures/Chr_FPS_02_M.uexp" 707
"E:/app_4.27/ShootThemUp/Content/ExternalContent/Characters/Textures/Chr_FPS_02_M.ubulk" 708
"../../../Engine/Content/Functions/Engine_MaterialFunctions01/Texturing/FlattenNormal.uasset" 709
"../../../Engine/Content/Functions/Engine_MaterialFunctions01/Texturing/FlattenNormal.uexp" 710
"E:/app_4.27/ShootThemUp/Content/ExternalContent/Characters/Materials/ML_Rubber_light.uasset" 711
"E:/app_4.27/ShootThemUp/Content/ExternalContent/Characters/Materials/ML_Rubber_light.uexp" 712
"E:/app_4.27/ShootThemUp/Content/ExternalContent/Characters/Materials/ML_Rubber_dark.uasset" 713
"E:/app_4.27/ShootThemUp/Content/ExternalContent/Characters/Materials/ML_Rubber_dark.uexp" 714
"E:/app_4.27/ShootThemUp/Content/ExternalContent/Characters/Materials/ML_Metal_Painted.uasset" 715
"E:/app_4.27/ShootThemUp/Content/ExternalContent/Characters/Materials/ML_Metal_Painted.uexp" 716
"E:/app_4.27/ShootThemUp/Content/ExternalContent/Characters/Materials/ML_Metal_light.uasset" 717
"E:/app_4.27/ShootThemUp/Content/ExternalContent/Characters/Materials/ML_Metal_light.uexp" 718
"E:/app_4.27/ShootThemUp/Content/ExternalContent/Characters/Materials/ML_Glass.uasset" 719
"E:/app_4.27/ShootThemUp/Content/ExternalContent/Characters/Materials/ML_Glass.uexp" 720
"E:/app_4.27/ShootThemUp/Content/ExternalContent/Characters/Materials/ML_Emissive_Custom.uasset" 721
"E:/app_4.27/ShootThemUp/Content/ExternalContent/Characters/Materials/ML_Emissive_Custom.uexp" 722
"E:/app_4.27/ShootThemUp/Content/ExternalContent/Characters/Materials/ML_Base.uasset" 723
"E:/app_4.27/ShootThemUp/Content/ExternalContent/Characters/Materials/ML_Base.uexp" 724
"../../../Engine/Content/Functions/MaterialLayerFunctions/MatLayerBlend_TintAllChannels.uasset" 725
"../../../Engine/Content/Functions/MaterialLayerFunctions/MatLayerBlend_TintAllChannels.uexp" 726
"../../../Engine/Content/Functions/MaterialLayerFunctions/MatLayerBlend_Standard.uasset" 727
"../../../Engine/Content/Functions/MaterialLayerFunctions/MatLayerBlend_Standard.uexp" 728
"../../../Engine/Content/Functions/Engine_MaterialFunctions02/Utility/BlendAngleCorrectedNormals.uasset" 729
"../../../Engine/Content/Functions/Engine_MaterialFunctions02/Utility/BlendAngleCorrectedNormals.uexp" 730
"../../../Engine/Content/Functions/MaterialLayerFunctions/MatLayerBlend_BakedNormal.uasset" 731
"../../../Engine/Content/Functions/MaterialLayerFunctions/MatLayerBlend_BakedNormal.uexp" 732
"E:/app_4.27/ShootThemUp/Content/ExternalContent/Characters/Materials/HeroTPP.uasset" 733
"E:/app_4.27/ShootThemUp/Content/ExternalContent/Characters/Materials/HeroTPP.uexp" 734
"E:/app_4.27/ShootThemUp/Content/ExternalContent/Characters/HeroTPP/HeroTPP.uasset" 735
"E:/app_4.27/ShootThemUp/Content/ExternalContent/Characters/HeroTPP/HeroTPP.uexp" 736
"E:/app_4.27/ShootThemUp/Content/Player/BP_STUBaseCharacter.uasset" 737
"E:/app_4.27/ShootThemUp/Content/Player/BP_STUBaseCharacter.uexp" 738
"E:/app_4.27/ShootThemUp/Content/BP_STUGameModeBase.uasset" 739
"E:/app_4.27/ShootThemUp/Content/BP_STUGameModeBase.uexp" 740
"E:/app_4.27/ShootThemUp/Content/Levels/TestLevels.uexp" 741
"E:/app_4.27/ShootThemUp/Content/Levels/TestLevels.umap" 742
"../../../Engine/Content/Maps/Entry_BuiltData.uasset" 743
"../../../Engine/Content/Maps/Entry_BuiltData.uexp" 744
"../../../Engine/Content/Maps/Entry.uexp" 745
"../../../Engine/Content/Maps/Entry.umap" 746
